{
"contracts/NFT.sol":{"l":{"16":1,"18":1,"19":1},"path":"/Users/meetdoshi/Documents/Northeastern University/INFO7500_Crypto/version_2/contracts/NFT.sol","s":{"1":1,"2":1,"3":1},"b":{},"f":{"1":3,"2":1},"fnMap":{"1":{"name":"constructor","line":12,"loc":{"start":{"line":12,"column":4},"end":{"line":12,"column":53}}},"2":{"name":"mintNFT","line":14,"loc":{"start":{"line":14,"column":4},"end":{"line":20,"column":4}}}},"statementMap":{"1":{"start":{"line":16,"column":8},"end":{"line":16,"column":27}},"2":{"start":{"line":18,"column":8},"end":{"line":18,"column":41}},"3":{"start":{"line":19,"column":8},"end":{"line":19,"column":36}}},"branchMap":{}},
"contracts/NFTDutchAuction.sol":{"l":{"24":6,"25":6,"26":6,"27":6,"28":6,"33":10,"34":10,"35":10,"36":9,"37":9,"38":9,"39":9,"44":9,"45":8,"46":5,"47":4,"52":4,"53":4,"54":4,"59":3,"60":1,"61":1,"62":1,"63":1,"68":9},"path":"/Users/meetdoshi/Documents/Northeastern University/INFO7500_Crypto/version_2/contracts/NFTDutchAuction.sol","s":{"1":10,"2":9,"3":9,"4":8,"5":5,"6":4,"7":4,"8":4,"9":3,"10":1,"11":1,"12":1,"13":9},"b":{"1":[9,1],"2":[8,1],"3":[5,3],"4":[4,1],"5":[1,2],"6":[1,0],"7":[1,0]},"f":{"1":6,"2":10,"3":9,"4":4,"5":3,"6":9},"fnMap":{"1":{"name":"constructor","line":22,"loc":{"start":{"line":22,"column":4},"end":{"line":29,"column":4}}},"2":{"name":"escrowNFT","line":31,"loc":{"start":{"line":31,"column":4},"end":{"line":40,"column":4}}},"3":{"name":"bid","line":42,"loc":{"start":{"line":42,"column":4},"end":{"line":48,"column":4}}},"4":{"name":"finalize","line":50,"loc":{"start":{"line":50,"column":4},"end":{"line":55,"column":4}}},"5":{"name":"endAuction","line":57,"loc":{"start":{"line":57,"column":4},"end":{"line":64,"column":4}}},"6":{"name":"onERC721Received","line":66,"loc":{"start":{"line":66,"column":4},"end":{"line":69,"column":4}}}},"statementMap":{"1":{"start":{"line":35,"column":8},"end":{"line":35,"column":103}},"2":{"start":{"line":36,"column":8},"end":{"line":36,"column":68}},"3":{"start":{"line":44,"column":8},"end":{"line":44,"column":67}},"4":{"start":{"line":45,"column":8},"end":{"line":45,"column":128}},"5":{"start":{"line":46,"column":8},"end":{"line":46,"column":184}},"6":{"start":{"line":47,"column":8},"end":{"line":47,"column":17}},"7":{"start":{"line":52,"column":8},"end":{"line":52,"column":40}},"8":{"start":{"line":53,"column":8},"end":{"line":53,"column":61}},"9":{"start":{"line":59,"column":8},"end":{"line":59,"column":110}},"10":{"start":{"line":60,"column":8},"end":{"line":60,"column":95}},"11":{"start":{"line":61,"column":8},"end":{"line":61,"column":100}},"12":{"start":{"line":63,"column":8},"end":{"line":63,"column":64}},"13":{"start":{"line":68,"column":8},"end":{"line":68,"column":56}}},"branchMap":{"1":{"line":35,"type":"if","locations":[{"start":{"line":35,"column":8},"end":{"line":35,"column":8}},{"start":{"line":35,"column":8},"end":{"line":35,"column":8}}]},"2":{"line":44,"type":"if","locations":[{"start":{"line":44,"column":8},"end":{"line":44,"column":8}},{"start":{"line":44,"column":8},"end":{"line":44,"column":8}}]},"3":{"line":45,"type":"if","locations":[{"start":{"line":45,"column":8},"end":{"line":45,"column":8}},{"start":{"line":45,"column":8},"end":{"line":45,"column":8}}]},"4":{"line":46,"type":"if","locations":[{"start":{"line":46,"column":8},"end":{"line":46,"column":8}},{"start":{"line":46,"column":8},"end":{"line":46,"column":8}}]},"5":{"line":59,"type":"if","locations":[{"start":{"line":59,"column":8},"end":{"line":59,"column":8}},{"start":{"line":59,"column":8},"end":{"line":59,"column":8}}]},"6":{"line":60,"type":"if","locations":[{"start":{"line":60,"column":8},"end":{"line":60,"column":8}},{"start":{"line":60,"column":8},"end":{"line":60,"column":8}}]},"7":{"line":61,"type":"if","locations":[{"start":{"line":61,"column":8},"end":{"line":61,"column":8}},{"start":{"line":61,"column":8},"end":{"line":61,"column":8}}]}}}}
