TN:
SF:/Users/meetdoshi/Documents/Northeastern University/INFO7500_Crypto/version_2/contracts/NFT.sol
FN:12,constructor
FN:14,mintNFT
FNF:2
FNH:2
FNDA:3,constructor
FNDA:1,mintNFT
DA:16,1
DA:18,1
DA:19,1
LF:3
LH:3
BRF:0
BRH:0
end_of_record
TN:
SF:/Users/meetdoshi/Documents/Northeastern University/INFO7500_Crypto/version_2/contracts/NFTDutchAuction.sol
FN:22,constructor
FN:31,escrowNFT
FN:42,bid
FN:50,finalize
FN:57,endAuction
FN:66,onERC721Received
FNF:6
FNH:6
FNDA:3,constructor
FNDA:9,escrowNFT
FNDA:7,bid
FNDA:4,finalize
FNDA:2,endAuction
FNDA:8,onERC721Received
DA:24,3
DA:25,3
DA:26,3
DA:27,3
DA:28,3
DA:33,9
DA:34,9
DA:35,9
DA:36,8
DA:37,8
DA:38,8
DA:39,8
DA:44,7
DA:45,7
DA:46,4
DA:47,4
DA:52,4
DA:53,4
DA:54,4
DA:59,2
DA:60,1
DA:61,1
DA:62,1
DA:63,1
DA:68,8
LF:25
LH:25
BRDA:35,1,0,8
BRDA:35,1,1,1
BRDA:44,2,0,7
BRDA:44,2,1,0
BRDA:45,3,0,4
BRDA:45,3,1,3
BRDA:46,4,0,4
BRDA:46,4,1,0
BRDA:59,5,0,1
BRDA:59,5,1,1
BRDA:60,6,0,1
BRDA:60,6,1,0
BRDA:61,7,0,1
BRDA:61,7,1,0
BRF:14
BRH:10
end_of_record
