TN:
SF:/Users/meetdoshi/Documents/Northeastern University/INFO7500_Crypto/version_2/contracts/NFT.sol
FN:12,constructor
FN:14,mintNFT
FNF:2
FNH:2
FNDA:3,constructor
FNDA:1,mintNFT
DA:16,1
DA:18,1
DA:19,1
LF:3
LH:3
BRF:0
BRH:0
end_of_record
TN:
SF:/Users/meetdoshi/Documents/Northeastern University/INFO7500_Crypto/version_2/contracts/NFTDutchAuction.sol
FN:22,constructor
FN:31,escrowNFT
FN:42,bid
FN:50,finalize
FN:57,endAuction
FN:66,onERC721Received
FNF:6
FNH:6
FNDA:6,constructor
FNDA:10,escrowNFT
FNDA:9,bid
FNDA:4,finalize
FNDA:3,endAuction
FNDA:9,onERC721Received
DA:24,6
DA:25,6
DA:26,6
DA:27,6
DA:28,6
DA:33,10
DA:34,10
DA:35,10
DA:36,9
DA:37,9
DA:38,9
DA:39,9
DA:44,9
DA:45,8
DA:46,5
DA:47,4
DA:52,4
DA:53,4
DA:54,4
DA:59,3
DA:60,1
DA:61,1
DA:62,1
DA:63,1
DA:68,9
LF:25
LH:25
BRDA:35,1,0,9
BRDA:35,1,1,1
BRDA:44,2,0,8
BRDA:44,2,1,1
BRDA:45,3,0,5
BRDA:45,3,1,3
BRDA:46,4,0,4
BRDA:46,4,1,1
BRDA:59,5,0,1
BRDA:59,5,1,2
BRDA:60,6,0,1
BRDA:60,6,1,0
BRDA:61,7,0,1
BRDA:61,7,1,0
BRF:14
BRH:12
end_of_record
