{
"contracts/BasicDutchAuction.sol":{"l":{"22":9,"23":9,"24":9,"25":9,"26":9,"27":9,"31":6,"32":1,"35":5,"39":2,"43":4,"44":3,"46":2,"47":2,"49":2,"50":2,"51":2,"52":2,"54":2,"55":2,"56":2,"57":2,"58":2},"path":"/Users/meetdoshi/Documents/Northeastern University/INFO7500_Crypto/version_1/contracts/BasicDutchAuction.sol","s":{"1":6,"2":1,"3":5,"4":2,"5":4,"6":3,"7":2,"8":2,"9":2,"10":2,"11":2,"12":2,"13":2,"14":2,"15":2},"b":{"1":[1,5],"2":[3,1],"3":[2,1],"4":[2,0],"5":[2,0],"6":[2,0]},"f":{"1":9,"2":6,"3":2,"4":4},"fnMap":{"1":{"name":"constructor","line":21,"loc":{"start":{"line":21,"column":4},"end":{"line":28,"column":4}}},"2":{"name":"price","line":30,"loc":{"start":{"line":30,"column":4},"end":{"line":36,"column":4}}},"3":{"name":"checkbalance","line":38,"loc":{"start":{"line":38,"column":4},"end":{"line":40,"column":4}}},"4":{"name":"receiveMoney","line":42,"loc":{"start":{"line":42,"column":4},"end":{"line":60,"column":4}}}},"statementMap":{"1":{"start":{"line":31,"column":8},"end":{"line":31,"column":985}},"2":{"start":{"line":32,"column":12},"end":{"line":32,"column":31}},"3":{"start":{"line":35,"column":8},"end":{"line":35,"column":66}},"4":{"start":{"line":39,"column":8},"end":{"line":39,"column":38}},"5":{"start":{"line":43,"column":8},"end":{"line":43,"column":66}},"6":{"start":{"line":44,"column":8},"end":{"line":44,"column":62}},"7":{"start":{"line":49,"column":8},"end":{"line":49,"column":70}},"8":{"start":{"line":50,"column":8},"end":{"line":50,"column":60}},"9":{"start":{"line":51,"column":8},"end":{"line":51,"column":78}},"10":{"start":{"line":52,"column":8},"end":{"line":52,"column":73}},"11":{"start":{"line":54,"column":8},"end":{"line":54,"column":1780}},"12":{"start":{"line":55,"column":12},"end":{"line":55,"column":76}},"13":{"start":{"line":56,"column":12},"end":{"line":56,"column":90}},"14":{"start":{"line":57,"column":12},"end":{"line":57,"column":69}},"15":{"start":{"line":58,"column":12},"end":{"line":58,"column":74}}},"branchMap":{"1":{"line":31,"type":"if","locations":[{"start":{"line":31,"column":8},"end":{"line":31,"column":8}},{"start":{"line":31,"column":8},"end":{"line":31,"column":8}}]},"2":{"line":43,"type":"if","locations":[{"start":{"line":43,"column":8},"end":{"line":43,"column":8}},{"start":{"line":43,"column":8},"end":{"line":43,"column":8}}]},"3":{"line":44,"type":"if","locations":[{"start":{"line":44,"column":8},"end":{"line":44,"column":8}},{"start":{"line":44,"column":8},"end":{"line":44,"column":8}}]},"4":{"line":51,"type":"if","locations":[{"start":{"line":51,"column":8},"end":{"line":51,"column":8}},{"start":{"line":51,"column":8},"end":{"line":51,"column":8}}]},"5":{"line":54,"type":"if","locations":[{"start":{"line":54,"column":8},"end":{"line":54,"column":8}},{"start":{"line":54,"column":8},"end":{"line":54,"column":8}}]},"6":{"line":57,"type":"if","locations":[{"start":{"line":57,"column":12},"end":{"line":57,"column":12}},{"start":{"line":57,"column":12},"end":{"line":57,"column":12}}]}}}}
