TN:
SF:/Users/meetdoshi/Documents/Northeastern University/INFO7500_Crypto/version_1/contracts/BasicDutchAuction.sol
FN:21,constructor
FN:30,price
FN:38,checkbalance
FN:42,receiveMoney
FNF:4
FNH:4
FNDA:9,constructor
FNDA:6,price
FNDA:2,checkbalance
FNDA:4,receiveMoney
DA:22,9
DA:23,9
DA:24,9
DA:25,9
DA:26,9
DA:27,9
DA:31,6
DA:32,1
DA:35,5
DA:39,2
DA:43,4
DA:44,3
DA:46,2
DA:47,2
DA:49,2
DA:50,2
DA:51,2
DA:52,2
DA:54,2
DA:55,2
DA:56,2
DA:57,2
DA:58,2
LF:23
LH:23
BRDA:31,1,0,1
BRDA:31,1,1,5
BRDA:43,2,0,3
BRDA:43,2,1,1
BRDA:44,3,0,2
BRDA:44,3,1,1
BRDA:51,4,0,2
BRDA:51,4,1,0
BRDA:54,5,0,2
BRDA:54,5,1,0
BRDA:57,6,0,2
BRDA:57,6,1,0
BRF:12
BRH:9
end_of_record
